2019-07-07 15:34:46,631 INFO o.a.j.u.JMeterUtils: Setting Locale to en_US
2019-07-07 15:34:46,645 INFO o.a.j.JMeter: Loading user properties from: user.properties
2019-07-07 15:34:46,646 INFO o.a.j.JMeter: Loading system properties from: system.properties
2019-07-07 15:34:46,653 INFO o.a.j.JMeter: Copyright (c) 1998-2019 The Apache Software Foundation
2019-07-07 15:34:46,653 INFO o.a.j.JMeter: Version 5.1.1 r1855137
2019-07-07 15:34:46,654 INFO o.a.j.JMeter: java.version=1.8.0_212
2019-07-07 15:34:46,654 INFO o.a.j.JMeter: java.vm.name=Java HotSpot(TM) 64-Bit Server VM
2019-07-07 15:34:46,654 INFO o.a.j.JMeter: os.name=Windows 10
2019-07-07 15:34:46,654 INFO o.a.j.JMeter: os.arch=amd64
2019-07-07 15:34:46,654 INFO o.a.j.JMeter: os.version=10.0
2019-07-07 15:34:46,654 INFO o.a.j.JMeter: file.encoding=Cp1252
2019-07-07 15:34:46,654 INFO o.a.j.JMeter: java.awt.headless=null
2019-07-07 15:34:46,654 INFO o.a.j.JMeter: Max memory     =1825046528
2019-07-07 15:34:46,654 INFO o.a.j.JMeter: Available Processors =4
2019-07-07 15:34:46,659 INFO o.a.j.JMeter: Default Locale=English (United States)
2019-07-07 15:34:46,660 INFO o.a.j.JMeter: JMeter  Locale=English (United States)
2019-07-07 15:34:46,660 INFO o.a.j.JMeter: JMeterHome=D:\Performance_Testing\Appache Jmeter 5.1.1
2019-07-07 15:34:46,660 INFO o.a.j.JMeter: user.dir  =D:\Performance_Testing\Appache Jmeter 5.1.1\bin
2019-07-07 15:34:46,660 INFO o.a.j.JMeter: PWD       =D:\Performance_Testing\Appache Jmeter 5.1.1\bin
2019-07-07 15:34:46,662 INFO o.a.j.JMeter: IP: 172.16.0.3 Name: HYDLPT820 FullName: HYDLPT820.netenrich.com
2019-07-07 15:34:46,811 INFO o.a.j.g.a.LookAndFeelCommand: Installing Darcula LAF
2019-07-07 15:34:46,823 INFO o.a.j.g.a.LookAndFeelCommand: Using look and feel: com.sun.java.swing.plaf.windows.WindowsLookAndFeel [Darcula]
2019-07-07 15:34:46,823 INFO o.a.j.JMeter: Setting LAF to: com.sun.java.swing.plaf.windows.WindowsLookAndFeel
2019-07-07 15:34:46,834 INFO o.a.j.JMeter: Loaded icon properties from org/apache/jmeter/images/icon.properties
2019-07-07 15:34:49,291 INFO o.j.r.JARSourceHTTP: Found cached repo
2019-07-07 15:34:49,407 WARN o.j.r.Plugin: Unable to load class: com.atlantbh.jmeter.plugins.oauth.OAuthSampler
java.lang.NoClassDefFoundError: org/apache/jmeter/protocol/http/sampler/HTTPSampler2
	at java.lang.ClassLoader.defineClass1(Native Method) ~[?:1.8.0_212]
	at java.lang.ClassLoader.defineClass(Unknown Source) ~[?:1.8.0_212]
	at java.security.SecureClassLoader.defineClass(Unknown Source) ~[?:1.8.0_212]
	at java.net.URLClassLoader.defineClass(Unknown Source) ~[?:1.8.0_212]
	at java.net.URLClassLoader.access$100(Unknown Source) ~[?:1.8.0_212]
	at java.net.URLClassLoader$1.run(Unknown Source) ~[?:1.8.0_212]
	at java.net.URLClassLoader$1.run(Unknown Source) ~[?:1.8.0_212]
	at java.security.AccessController.doPrivileged(Native Method) ~[?:1.8.0_212]
	at java.net.URLClassLoader.findClass(Unknown Source) ~[?:1.8.0_212]
	at java.lang.ClassLoader.loadClass(Unknown Source) ~[?:1.8.0_212]
	at java.lang.ClassLoader.loadClass(Unknown Source) ~[?:1.8.0_212]
	at org.jmeterplugins.repository.Plugin.getJARPath(Plugin.java:202) [jmeter-plugins-manager-1.3.jar:?]
	at org.jmeterplugins.repository.Plugin.detectInstalledPlugin(Plugin.java:108) [jmeter-plugins-manager-1.3.jar:?]
	at org.jmeterplugins.repository.Plugin.detectInstalled(Plugin.java:97) [jmeter-plugins-manager-1.3.jar:?]
	at org.jmeterplugins.repository.PluginManager.load(PluginManager.java:86) [jmeter-plugins-manager-1.3.jar:?]
	at org.jmeterplugins.repository.PluginManagerMenuItem$1.run(PluginManagerMenuItem.java:41) [jmeter-plugins-manager-1.3.jar:?]
Caused by: java.lang.ClassNotFoundException: org.apache.jmeter.protocol.http.sampler.HTTPSampler2
	at java.net.URLClassLoader.findClass(Unknown Source) ~[?:1.8.0_212]
	at java.lang.ClassLoader.loadClass(Unknown Source) ~[?:1.8.0_212]
	at java.lang.ClassLoader.loadClass(Unknown Source) ~[?:1.8.0_212]
	... 16 more
2019-07-07 15:34:49,419 INFO o.j.r.PluginManager: Plugins Status: [jpgc-graphs-basic=2.0, jpgc-graphs-additional=2.0, jpgc-autostop=0.1, blazemeter-debugger=0.6, jpgc-sense=3.5, netflix-cassandra=0.2-SNAPSHOT, jpgc-cmd=2.2, jpgc-graphs-composite=2.0, jpgc-csl=0.1, jpgc-functions=2.1, custom-soap=1.3.3, jpgc-casutg=2.9, jpgc-dbmon=0.1, jpgc-directory-listing=0.2, jpgc-graphs-dist=2.0, jpgc-dummy=0.4, jmeter.backendlistener.elasticsearch=2.6.5, jpgc-filterresults=2.2, jpgc-ffw=2.0, jpgc-ggl=2.0, bzm-hls=1.3, jpgc-httpraw=0.1, jpgc-sts=2.4, bzm-http2=1.4, jpgc-hadoop=2.0, jpgc-fifo=0.2, jpgc-jms=0.2, jpgc-jmxmon=0.2, jmeter.pack-listener=1.7, jpgc-json=2.7, jpgc-graphs-vs=2.0, kafkameter=0.2.0, jpgc-lockfile=0.1, mqtt-sampler=0.0.1-SNAPSHOT, jpgc-mergeresults=2.1, jpgc-pde=0.1, bzm-parallel=0.9, jpgc-prmctl=0.4, jpgc-perfmon=2.1, jpgc-plugins-manager=1.3, bzm-rte=1.1.1, bzm-random-csv=0.6, jpgc-redis=0.3, jpgc-rotating-listener=0.2, ssh-sampler=1.1.1-SNAPSHOT, tilln-sshmon=1.2, jpgc-webdriver=3.0, bzm-siebel=0.1.0-beta, jpgc-synthesis=2.2, jpgc-plancheck=2.4, jpgc-tst=2.5, jpgc-udp=0.4, jpgc-csvars=0.1, tilln-wssecurity=1.6, websocket-sampler=1.0.2-SNAPSHOT, websocket-samplers=1.2.1, jpgc-wsc=0.7, jpgc-xml=0.1, jpgc-xmpp=1.5.1, jmeter-core=5.1.1, jmeter-ftp=5.1.1, jmeter-http=5.1.1, jmeter-jdbc=5.1.1, jmeter-jms=5.1.1, jmeter-junit=5.1.1, jmeter-java=5.1.1, jmeter-ldap=5.1.1, jmeter-mail=5.1.1, jmeter-mongodb=5.1.1, jmeter-native=5.1.1, jmeter-tcp=5.1.1, jmeter-components=5.1.1, jpgc-standard=2.0]
2019-07-07 15:34:51,418 INFO o.a.j.e.KeyToolUtils: keytool found at 'keytool'
2019-07-07 15:34:51,419 INFO o.a.j.p.h.p.ProxyControl: HTTP(S) Test Script Recorder SSL Proxy will use keys that support embedded 3rd party resources in file D:\Performance_Testing\Appache Jmeter 5.1.1\bin\proxyserver.jks
2019-07-07 15:34:51,444 WARN c.b.j.c.g.TemplateRepository: Problem creating Siebel recording template recording-siebel.jmx
java.io.FileNotFoundException: D:\Performance_Testing\Appache%20Jmeter%205.1.1\bin\templates\recording-siebel.jmx (The system cannot find the path specified)
	at java.io.FileOutputStream.open0(Native Method) ~[?:1.8.0_212]
	at java.io.FileOutputStream.open(Unknown Source) ~[?:1.8.0_212]
	at java.io.FileOutputStream.<init>(Unknown Source) ~[?:1.8.0_212]
	at java.io.FileOutputStream.<init>(Unknown Source) ~[?:1.8.0_212]
	at java.io.FileWriter.<init>(Unknown Source) ~[?:1.8.0_212]
	at com.blazemeter.jmeter.correlation.gui.TemplateRepository.createSiebelTemplate(TemplateRepository.java:36) ~[jmeter-bzm-siebel-correlation-0.1.0-beta.jar:?]
	at com.blazemeter.jmeter.correlation.gui.TemplateRepository.addSiebelTemplate(TemplateRepository.java:28) ~[jmeter-bzm-siebel-correlation-0.1.0-beta.jar:?]
	at com.blazemeter.jmeter.correlation.CorrelationProxyControlGui.<init>(CorrelationProxyControlGui.java:35) ~[jmeter-bzm-siebel-correlation-0.1.0-beta.jar:?]
	at sun.reflect.NativeConstructorAccessorImpl.newInstance0(Native Method) ~[?:1.8.0_212]
	at sun.reflect.NativeConstructorAccessorImpl.newInstance(Unknown Source) ~[?:1.8.0_212]
	at sun.reflect.DelegatingConstructorAccessorImpl.newInstance(Unknown Source) ~[?:1.8.0_212]
	at java.lang.reflect.Constructor.newInstance(Unknown Source) ~[?:1.8.0_212]
	at org.apache.jmeter.gui.util.MenuFactory.getGUIComponent(MenuFactory.java:174) ~[ApacheJMeter_core.jar:5.1.1 r1855137]
	at org.apache.jmeter.gui.util.MenuFactory.initializeMenus(MenuFactory.java:141) ~[ApacheJMeter_core.jar:5.1.1 r1855137]
	at org.apache.jmeter.gui.util.MenuFactory.<clinit>(MenuFactory.java:106) ~[ApacheJMeter_core.jar:5.1.1 r1855137]
	at org.apache.jmeter.control.gui.TestPlanGui.createPopupMenu(TestPlanGui.java:92) ~[ApacheJMeter_core.jar:5.1.1 r1855137]
	at org.apache.jmeter.gui.tree.JMeterTreeNode.createPopupMenu(JMeterTreeNode.java:185) ~[ApacheJMeter_core.jar:5.1.1 r1855137]
	at org.apache.jmeter.gui.action.EditCommand.doAction(EditCommand.java:46) ~[ApacheJMeter_core.jar:5.1.1 r1855137]
	at org.apache.jmeter.gui.action.ActionRouter.performAction(ActionRouter.java:88) ~[ApacheJMeter_core.jar:5.1.1 r1855137]
	at org.apache.jmeter.gui.action.ActionRouter.lambda$actionPerformed$0(ActionRouter.java:70) ~[ApacheJMeter_core.jar:5.1.1 r1855137]
	at java.awt.event.InvocationEvent.dispatch(Unknown Source) [?:1.8.0_212]
	at java.awt.EventQueue.dispatchEventImpl(Unknown Source) [?:1.8.0_212]
	at java.awt.EventQueue.access$500(Unknown Source) [?:1.8.0_212]
	at java.awt.EventQueue$3.run(Unknown Source) [?:1.8.0_212]
	at java.awt.EventQueue$3.run(Unknown Source) [?:1.8.0_212]
	at java.security.AccessController.doPrivileged(Native Method) [?:1.8.0_212]
	at java.security.ProtectionDomain$JavaSecurityAccessImpl.doIntersectionPrivilege(Unknown Source) [?:1.8.0_212]
	at java.awt.EventQueue.dispatchEvent(Unknown Source) [?:1.8.0_212]
	at java.awt.EventDispatchThread.pumpOneEventForFilters(Unknown Source) [?:1.8.0_212]
	at java.awt.EventDispatchThread.pumpEventsForFilter(Unknown Source) [?:1.8.0_212]
	at java.awt.EventDispatchThread.pumpEventsForHierarchy(Unknown Source) [?:1.8.0_212]
	at java.awt.EventDispatchThread.pumpEvents(Unknown Source) [?:1.8.0_212]
	at java.awt.EventDispatchThread.pumpEvents(Unknown Source) [?:1.8.0_212]
	at java.awt.EventDispatchThread.run(Unknown Source) [?:1.8.0_212]
2019-07-07 15:34:51,445 WARN c.b.j.c.g.TemplateRepository: Problem adding Siebel recording template description /templates/siebelTemplateDescription.xml
java.nio.file.NoSuchFileException: D:\Performance_Testing\Appache%20Jmeter%205.1.1\bin\templates\templates.xml
	at sun.nio.fs.WindowsException.translateToIOException(Unknown Source) ~[?:1.8.0_212]
	at sun.nio.fs.WindowsException.rethrowAsIOException(Unknown Source) ~[?:1.8.0_212]
	at sun.nio.fs.WindowsException.rethrowAsIOException(Unknown Source) ~[?:1.8.0_212]
	at sun.nio.fs.WindowsFileSystemProvider.newByteChannel(Unknown Source) ~[?:1.8.0_212]
	at java.nio.file.Files.newByteChannel(Unknown Source) ~[?:1.8.0_212]
	at java.nio.file.Files.newByteChannel(Unknown Source) ~[?:1.8.0_212]
	at java.nio.file.spi.FileSystemProvider.newInputStream(Unknown Source) ~[?:1.8.0_212]
	at java.nio.file.Files.newInputStream(Unknown Source) ~[?:1.8.0_212]
	at java.nio.file.Files.newBufferedReader(Unknown Source) ~[?:1.8.0_212]
	at java.nio.file.Files.lines(Unknown Source) ~[?:1.8.0_212]
	at java.nio.file.Files.lines(Unknown Source) ~[?:1.8.0_212]
	at com.blazemeter.jmeter.correlation.gui.TemplateRepository.checkIfTemplateAlreadyExists(TemplateRepository.java:71) ~[jmeter-bzm-siebel-correlation-0.1.0-beta.jar:?]
	at com.blazemeter.jmeter.correlation.gui.TemplateRepository.addTemplateDescription(TemplateRepository.java:53) ~[jmeter-bzm-siebel-correlation-0.1.0-beta.jar:?]
	at com.blazemeter.jmeter.correlation.gui.TemplateRepository.addSiebelTemplate(TemplateRepository.java:29) ~[jmeter-bzm-siebel-correlation-0.1.0-beta.jar:?]
	at com.blazemeter.jmeter.correlation.CorrelationProxyControlGui.<init>(CorrelationProxyControlGui.java:35) ~[jmeter-bzm-siebel-correlation-0.1.0-beta.jar:?]
	at sun.reflect.NativeConstructorAccessorImpl.newInstance0(Native Method) ~[?:1.8.0_212]
	at sun.reflect.NativeConstructorAccessorImpl.newInstance(Unknown Source) ~[?:1.8.0_212]
	at sun.reflect.DelegatingConstructorAccessorImpl.newInstance(Unknown Source) ~[?:1.8.0_212]
	at java.lang.reflect.Constructor.newInstance(Unknown Source) ~[?:1.8.0_212]
	at org.apache.jmeter.gui.util.MenuFactory.getGUIComponent(MenuFactory.java:174) ~[ApacheJMeter_core.jar:5.1.1 r1855137]
	at org.apache.jmeter.gui.util.MenuFactory.initializeMenus(MenuFactory.java:141) ~[ApacheJMeter_core.jar:5.1.1 r1855137]
	at org.apache.jmeter.gui.util.MenuFactory.<clinit>(MenuFactory.java:106) ~[ApacheJMeter_core.jar:5.1.1 r1855137]
	at org.apache.jmeter.control.gui.TestPlanGui.createPopupMenu(TestPlanGui.java:92) ~[ApacheJMeter_core.jar:5.1.1 r1855137]
	at org.apache.jmeter.gui.tree.JMeterTreeNode.createPopupMenu(JMeterTreeNode.java:185) ~[ApacheJMeter_core.jar:5.1.1 r1855137]
	at org.apache.jmeter.gui.action.EditCommand.doAction(EditCommand.java:46) ~[ApacheJMeter_core.jar:5.1.1 r1855137]
	at org.apache.jmeter.gui.action.ActionRouter.performAction(ActionRouter.java:88) ~[ApacheJMeter_core.jar:5.1.1 r1855137]
	at org.apache.jmeter.gui.action.ActionRouter.lambda$actionPerformed$0(ActionRouter.java:70) ~[ApacheJMeter_core.jar:5.1.1 r1855137]
	at java.awt.event.InvocationEvent.dispatch(Unknown Source) [?:1.8.0_212]
	at java.awt.EventQueue.dispatchEventImpl(Unknown Source) [?:1.8.0_212]
	at java.awt.EventQueue.access$500(Unknown Source) [?:1.8.0_212]
	at java.awt.EventQueue$3.run(Unknown Source) [?:1.8.0_212]
	at java.awt.EventQueue$3.run(Unknown Source) [?:1.8.0_212]
	at java.security.AccessController.doPrivileged(Native Method) [?:1.8.0_212]
	at java.security.ProtectionDomain$JavaSecurityAccessImpl.doIntersectionPrivilege(Unknown Source) [?:1.8.0_212]
	at java.awt.EventQueue.dispatchEvent(Unknown Source) [?:1.8.0_212]
	at java.awt.EventDispatchThread.pumpOneEventForFilters(Unknown Source) [?:1.8.0_212]
	at java.awt.EventDispatchThread.pumpEventsForFilter(Unknown Source) [?:1.8.0_212]
	at java.awt.EventDispatchThread.pumpEventsForHierarchy(Unknown Source) [?:1.8.0_212]
	at java.awt.EventDispatchThread.pumpEvents(Unknown Source) [?:1.8.0_212]
	at java.awt.EventDispatchThread.pumpEvents(Unknown Source) [?:1.8.0_212]
	at java.awt.EventDispatchThread.run(Unknown Source) [?:1.8.0_212]
2019-07-07 15:34:51,463 INFO o.a.j.p.h.s.HTTPSamplerBase: Parser for text/html is org.apache.jmeter.protocol.http.parser.LagartoBasedHtmlParser
2019-07-07 15:34:51,464 INFO o.a.j.p.h.s.HTTPSamplerBase: Parser for application/xhtml+xml is org.apache.jmeter.protocol.http.parser.LagartoBasedHtmlParser
2019-07-07 15:34:51,464 INFO o.a.j.p.h.s.HTTPSamplerBase: Parser for application/xml is org.apache.jmeter.protocol.http.parser.LagartoBasedHtmlParser
2019-07-07 15:34:51,464 INFO o.a.j.p.h.s.HTTPSamplerBase: Parser for text/xml is org.apache.jmeter.protocol.http.parser.LagartoBasedHtmlParser
2019-07-07 15:34:51,464 INFO o.a.j.p.h.s.HTTPSamplerBase: Parser for text/vnd.wap.wml is org.apache.jmeter.protocol.http.parser.RegexpHTMLParser
2019-07-07 15:34:51,464 INFO o.a.j.p.h.s.HTTPSamplerBase: Parser for text/css is org.apache.jmeter.protocol.http.parser.CssParser
2019-07-07 15:34:51,499 WARN o.a.j.u.JMeterUtils: no icon for toolbar/19x19arrow-right-3.png
2019-07-07 15:34:51,502 INFO o.a.j.s.SampleResult: Note: Sample TimeStamps are START times
2019-07-07 15:34:51,502 INFO o.a.j.s.SampleResult: sampleresult.default.encoding is set to ISO-8859-1
2019-07-07 15:34:51,502 INFO o.a.j.s.SampleResult: sampleresult.useNanoTime=true
2019-07-07 15:34:51,503 INFO o.a.j.s.SampleResult: sampleresult.nanoThreadSleep=5000
2019-07-07 15:34:52,770 WARN o.a.j.g.ObjectTableModel: Header count=13 but classes count=11
2019-07-07 15:34:52,770 WARN o.a.j.g.ObjectTableModel: Header count=13 but writeFunctor count=11
2019-07-07 15:34:53,836 INFO o.a.j.s.FileServer: Default base='D:\Performance_Testing\Appache Jmeter 5.1.1\bin'
2019-07-07 15:35:03,459 INFO o.a.j.g.a.Load: Loading file: D:\Performance_Testing\Appache Jmeter 5.1.1\bin\ActonEye_Desktop_Load_Test.jmx
2019-07-07 15:35:03,460 INFO o.a.j.s.FileServer: Set new base='D:\Performance_Testing\Appache Jmeter 5.1.1\bin'
2019-07-07 15:35:03,650 INFO o.a.j.s.SaveService: Testplan (JMX) version: 2.2. Testlog (JTL) version: 2.2
2019-07-07 15:35:03,667 INFO o.a.j.s.SaveService: Using SaveService properties file encoding UTF-8
2019-07-07 15:35:03,670 INFO o.a.j.s.SaveService: Using SaveService properties version 5.0
2019-07-07 15:35:03,674 INFO o.a.j.s.SaveService: Loading file: D:\Performance_Testing\Appache Jmeter 5.1.1\bin\ActonEye_Desktop_Load_Test.jmx
2019-07-07 15:35:03,708 WARN o.j.r.p.TestPlanAnalyzer: Cannot parse file: D:\Performance_Testing\Appache Jmeter 5.1.1\bin\ActonEye_Desktop_Load_Test.jmx
org.xml.sax.SAXParseException: Character reference "&#x0" is an invalid XML character.
	at org.apache.xerces.parsers.DOMParser.parse(Unknown Source) ~[xercesImpl-2.12.0.jar:?]
	at org.apache.xerces.jaxp.DocumentBuilderImpl.parse(Unknown Source) ~[xercesImpl-2.12.0.jar:?]
	at javax.xml.parsers.DocumentBuilder.parse(Unknown Source) ~[?:1.8.0_212]
	at org.jmeterplugins.repository.plugins.TestPlanAnalyzer.getNodeListWithClassNames(TestPlanAnalyzer.java:104) ~[jmeter-plugins-manager-1.3.jar:?]
	at org.jmeterplugins.repository.plugins.TestPlanAnalyzer.analyze(TestPlanAnalyzer.java:33) ~[jmeter-plugins-manager-1.3.jar:?]
	at org.jmeterplugins.repository.plugins.PluginSuggester.analyzeTestPlan(PluginSuggester.java:51) ~[jmeter-plugins-manager-1.3.jar:?]
	at org.jmeterplugins.repository.plugins.PluginSuggester.findPluginsToInstall(PluginSuggester.java:44) ~[jmeter-plugins-manager-1.3.jar:?]
	at org.jmeterplugins.repository.plugins.PluginSuggester.checkAndSuggest(PluginSuggester.java:28) ~[jmeter-plugins-manager-1.3.jar:?]
	at org.jmeterplugins.repository.logging.LoggerAppender.append(LoggerAppender.java:33) ~[jmeter-plugins-manager-1.3.jar:?]
	at org.apache.logging.log4j.core.config.AppenderControl.tryCallAppender(AppenderControl.java:156) ~[log4j-core-2.11.1.jar:2.11.1]
	at org.apache.logging.log4j.core.config.AppenderControl.callAppender0(AppenderControl.java:129) ~[log4j-core-2.11.1.jar:2.11.1]
	at org.apache.logging.log4j.core.config.AppenderControl.callAppenderPreventRecursion(AppenderControl.java:120) ~[log4j-core-2.11.1.jar:2.11.1]
	at org.apache.logging.log4j.core.config.AppenderControl.callAppender(AppenderControl.java:84) ~[log4j-core-2.11.1.jar:2.11.1]
	at org.apache.logging.log4j.core.config.LoggerConfig.callAppenders(LoggerConfig.java:464) ~[log4j-core-2.11.1.jar:2.11.1]
	at org.apache.logging.log4j.core.config.LoggerConfig.processLogEvent(LoggerConfig.java:448) ~[log4j-core-2.11.1.jar:2.11.1]
	at org.apache.logging.log4j.core.config.LoggerConfig.log(LoggerConfig.java:431) ~[log4j-core-2.11.1.jar:2.11.1]
	at org.apache.logging.log4j.core.config.LoggerConfig.log(LoggerConfig.java:406) ~[log4j-core-2.11.1.jar:2.11.1]
	at org.apache.logging.log4j.core.config.AwaitCompletionReliabilityStrategy.log(AwaitCompletionReliabilityStrategy.java:63) ~[log4j-core-2.11.1.jar:2.11.1]
	at org.apache.logging.log4j.core.Logger.logMessage(Logger.java:146) ~[log4j-core-2.11.1.jar:2.11.1]
	at org.apache.logging.log4j.spi.AbstractLogger.tryLogMessage(AbstractLogger.java:2170) ~[log4j-api-2.11.1.jar:2.11.1]
	at org.apache.logging.log4j.spi.AbstractLogger.logMessageTrackRecursion(AbstractLogger.java:2125) ~[log4j-api-2.11.1.jar:2.11.1]
	at org.apache.logging.log4j.spi.AbstractLogger.logMessageSafely(AbstractLogger.java:2108) ~[log4j-api-2.11.1.jar:2.11.1]
	at org.apache.logging.log4j.spi.AbstractLogger.logMessage(AbstractLogger.java:2019) ~[log4j-api-2.11.1.jar:2.11.1]
	at org.apache.logging.log4j.spi.AbstractLogger.logIfEnabled(AbstractLogger.java:1890) ~[log4j-api-2.11.1.jar:2.11.1]
	at org.apache.logging.slf4j.Log4jLogger.info(Log4jLogger.java:184) ~[log4j-slf4j-impl-2.11.1.jar:2.11.1]
	at org.apache.jmeter.save.SaveService.loadTree(SaveService.java:428) ~[ApacheJMeter_core.jar:5.1.1 r1855137]
	at org.apache.jmeter.gui.action.Load.loadProjectFile(Load.java:130) ~[ApacheJMeter_core.jar:5.1.1 r1855137]
	at org.apache.jmeter.gui.action.Load.loadProjectFile(Load.java:102) ~[ApacheJMeter_core.jar:5.1.1 r1855137]
	at org.apache.jmeter.gui.action.Load.doActionAfterCheck(Load.java:89) ~[ApacheJMeter_core.jar:5.1.1 r1855137]
	at org.apache.jmeter.gui.action.AbstractActionWithNoRunningTest.doAction(AbstractActionWithNoRunningTest.java:45) ~[ApacheJMeter_core.jar:5.1.1 r1855137]
	at org.apache.jmeter.gui.action.ActionRouter.performAction(ActionRouter.java:88) ~[ApacheJMeter_core.jar:5.1.1 r1855137]
	at org.apache.jmeter.gui.action.ActionRouter.lambda$actionPerformed$0(ActionRouter.java:70) ~[ApacheJMeter_core.jar:5.1.1 r1855137]
	at java.awt.event.InvocationEvent.dispatch(Unknown Source) [?:1.8.0_212]
	at java.awt.EventQueue.dispatchEventImpl(Unknown Source) [?:1.8.0_212]
	at java.awt.EventQueue.access$500(Unknown Source) [?:1.8.0_212]
	at java.awt.EventQueue$3.run(Unknown Source) [?:1.8.0_212]
	at java.awt.EventQueue$3.run(Unknown Source) [?:1.8.0_212]
	at java.security.AccessController.doPrivileged(Native Method) [?:1.8.0_212]
	at java.security.ProtectionDomain$JavaSecurityAccessImpl.doIntersectionPrivilege(Unknown Source) [?:1.8.0_212]
	at java.awt.EventQueue.dispatchEvent(Unknown Source) [?:1.8.0_212]
	at java.awt.EventDispatchThread.pumpOneEventForFilters(Unknown Source) [?:1.8.0_212]
	at java.awt.EventDispatchThread.pumpEventsForFilter(Unknown Source) [?:1.8.0_212]
	at java.awt.EventDispatchThread.pumpEventsForHierarchy(Unknown Source) [?:1.8.0_212]
	at java.awt.EventDispatchThread.pumpEvents(Unknown Source) [?:1.8.0_212]
	at java.awt.EventDispatchThread.pumpEvents(Unknown Source) [?:1.8.0_212]
	at java.awt.EventDispatchThread.run(Unknown Source) [?:1.8.0_212]
2019-07-07 15:35:03,818 INFO o.a.j.p.h.c.CookieManager: Settings: Delete null: true Check: true Allow variable: true Save: false Prefix: COOKIE_
2019-07-07 15:35:03,821 INFO o.a.j.p.h.c.CacheManager: Will only cache the following methods: [GET]
2019-07-07 15:35:05,432 INFO o.a.j.s.FileServer: Set new base='D:\Performance_Testing\Appache Jmeter 5.1.1\bin'
